
Starting:    C:\Microsemi\Libero_SoC_v11.9\SynplifyPro\bin64\mbin\synbatch.exe
Install:     C:\Microsemi\Libero_SoC_v11.9\SynplifyPro
Hostname:    EECS373-14
Date:        Mon Apr 22 14:29:31 2019
Version:     L-2016.09M-SP1-5

Arguments:   -product synplify_pro -licensetype synplifypro_actel -batch -log synplify.log ps2_syn.tcl
ProductType: synplify_pro

License checkout: synplifypro_actel
License: synplifypro_actel node-locked 
Licensed Vendor: actel
License Option: actel_oem

Running in Vendor Mode


auto_infer_blackbox is not supported in current product.

log file: "C:\Users\jimzhang\Documents\ps2try\ps2try\synthesis\ps2.srr"

Running: synthesis in foreground



Running ps2_syn|synthesis


Running: compile (Compile) on ps2_syn|synthesis
# Mon Apr 22 14:29:31 2019


Running: compile_flow (Compile Process) on ps2_syn|synthesis
# Mon Apr 22 14:29:31 2019


Running: compiler (Compile Input) on ps2_syn|synthesis
# Mon Apr 22 14:29:31 2019

Copied C:\Users\jimzhang\Documents\ps2try\ps2try\synthesis\synwork\ps2_comp.srs to C:\Users\jimzhang\Documents\ps2try\ps2try\synthesis\ps2.srs


compiler completed
# Mon Apr 22 14:29:33 2019

Return Code: 0
Run Time:00h:00m:02s


Running: multi_srs_gen (Multi-srs Generator) on ps2_syn|synthesis
# Mon Apr 22 14:29:33 2019


multi_srs_gen completed
# Mon Apr 22 14:29:33 2019

Return Code: 0
Run Time:00h:00m:00s

Copied C:\Users\jimzhang\Documents\ps2try\ps2try\synthesis\synwork\ps2_mult.srs to C:\Users\jimzhang\Documents\ps2try\ps2try\synthesis\ps2.srs

Complete: Compile Process on ps2_syn|synthesis


Running: premap (Pre-mapping) on ps2_syn|synthesis
# Mon Apr 22 14:29:33 2019


premap completed
# Mon Apr 22 14:29:33 2019

Return Code: 0
Run Time:00h:00m:00s

Complete: Compile on ps2_syn|synthesis


Running: map (Map) on ps2_syn|synthesis
# Mon Apr 22 14:29:33 2019

License granted for 4 parallel jobs


Running: fpga_mapper (Map & Optimize) on ps2_syn|synthesis
# Mon Apr 22 14:29:34 2019

Copied C:\Users\jimzhang\Documents\ps2try\ps2try\synthesis\synwork\ps2_m.srm to C:\Users\jimzhang\Documents\ps2try\ps2try\synthesis\ps2.srm


fpga_mapper completed with warnings
# Mon Apr 22 14:29:36 2019

Return Code: 1
Run Time:00h:00m:02s

Complete: Map on ps2_syn|synthesis

Complete: Logic Synthesis on ps2_syn|synthesis

TCL script complete: "ps2_syn.tcl"

exit status=0

exit status=0

License checkin: synplifypro_actel

