C:\Microsemi\Libero_SoC_v11.9\SynplifyPro\bin64\c_hdl.exe  -osyn  C:\Users\jimzhang\Documents\ps2try\ps2try\synthesis\synwork\ps2_comp.srs  -top  ps2  -hdllog  C:\Users\jimzhang\Documents\ps2try\ps2try\synthesis\synlog\ps2_compiler.srr  -encrypt  -mp  4  -verification_mode 0  -verilog  -prodtype  synplify_pro  -nram -fixsmult -divnmod   -I C:\Users\jimzhang\Documents\ps2try\ps2try\synthesis\  -I C:\Microsemi\Libero_SoC_v11.9\SynplifyPro\lib   -v2001  -devicelib  C:\Microsemi\Libero_SoC_v11.9\SynplifyPro\lib\proasic\smartfusion.v  -encrypt  -pro  -dmgen  C:\Users\jimzhang\Documents\ps2try\ps2try\synthesis\dm  -ui -fid2 -ram -sharing on -ll 2000 -autosm  -lib work C:\Users\jimzhang\Documents\ps2try\ps2try\hdl\LED_RG.v -lib work C:\Users\jimzhang\Documents\ps2try\ps2try\hdl\delayWrapper.v -lib work C:\Users\jimzhang\Documents\ps2try\ps2try\hdl\fire.v -lib work C:\Users\jimzhang\Documents\ps2try\ps2try\hdl\motor_left.v -lib work C:\Users\jimzhang\Documents\ps2try\ps2try\hdl\motor_right.v -lib work C:\Users\jimzhang\Documents\ps2try\ps2try\component\Actel\SmartFusionMSS\MSS\2.5.200\mss_comps.v -lib work C:\Users\jimzhang\Documents\ps2try\ps2try\component\work\ps2_MSS\mss_tshell.v -lib work C:\Users\jimzhang\Documents\ps2try\ps2try\component\work\ps2_MSS\MSS_CCC_0\ps2_MSS_tmp_MSS_CCC_0_MSS_CCC.v -lib work C:\Users\jimzhang\Documents\ps2try\ps2try\component\work\ps2_MSS\ps2_MSS.v -lib work C:\Users\jimzhang\Documents\ps2try\ps2try\hdl\pwm_h.v -lib work C:\Users\jimzhang\Documents\ps2try\ps2try\hdl\pwm_v.v -lib work C:\Users\jimzhang\Documents\ps2try\ps2try\hdl\timerWrapper.v -lib COREAPB3_LIB C:\Users\jimzhang\Documents\ps2try\ps2try\component\Actel\DirectCore\CoreAPB3\4.1.100\rtl\vlog\core\coreapb3_muxptob3.v -lib COREAPB3_LIB C:\Users\jimzhang\Documents\ps2try\ps2try\component\Actel\DirectCore\CoreAPB3\4.1.100\rtl\vlog\core\coreapb3_iaddr_reg.v -lib COREAPB3_LIB C:\Users\jimzhang\Documents\ps2try\ps2try\component\Actel\DirectCore\CoreAPB3\4.1.100\rtl\vlog\core\coreapb3.v -lib work C:\Users\jimzhang\Documents\ps2try\ps2try\component\work\ps2\ps2.v 
relcom:..\..\..\..\..\..\..\Microsemi\Libero_SoC_v11.9\SynplifyPro\bin64\c_hdl.exe -osyn ..\synwork\ps2_comp.srs -top ps2 -hdllog ..\synlog\ps2_compiler.srr -encrypt -mp 4 -verification_mode 0 -verilog -prodtype synplify_pro -nram -fixsmult -divnmod -I ..\ -I ..\..\..\..\..\..\..\Microsemi\Libero_SoC_v11.9\SynplifyPro\lib -v2001 -devicelib ..\..\..\..\..\..\..\Microsemi\Libero_SoC_v11.9\SynplifyPro\lib\proasic\smartfusion.v -encrypt -pro -dmgen ..\dm -ui -fid2 -ram -sharing on -ll 2000 -autosm -lib work ..\..\hdl\LED_RG.v -lib work ..\..\hdl\delayWrapper.v -lib work ..\..\hdl\fire.v -lib work ..\..\hdl\motor_left.v -lib work ..\..\hdl\motor_right.v -lib work ..\..\component\Actel\SmartFusionMSS\MSS\2.5.200\mss_comps.v -lib work ..\..\component\work\ps2_MSS\mss_tshell.v -lib work ..\..\component\work\ps2_MSS\MSS_CCC_0\ps2_MSS_tmp_MSS_CCC_0_MSS_CCC.v -lib work ..\..\component\work\ps2_MSS\ps2_MSS.v -lib work ..\..\hdl\pwm_h.v -lib work ..\..\hdl\pwm_v.v -lib work ..\..\hdl\timerWrapper.v -lib COREAPB3_LIB ..\..\component\Actel\DirectCore\CoreAPB3\4.1.100\rtl\vlog\core\coreapb3_muxptob3.v -lib COREAPB3_LIB ..\..\component\Actel\DirectCore\CoreAPB3\4.1.100\rtl\vlog\core\coreapb3_iaddr_reg.v -lib COREAPB3_LIB ..\..\component\Actel\DirectCore\CoreAPB3\4.1.100\rtl\vlog\core\coreapb3.v -lib work ..\..\component\work\ps2\ps2.v
rc:0 success:1 runtime:2
file:..\synwork\ps2_comp.srs|io:o|time:1555957772|size:58128|exec:0|csum:
file:..\synlog\ps2_compiler.srr|io:o|time:1555957772|size:52884|exec:0|csum:
file:..\..\..\..\..\..\..\Microsemi\Libero_SoC_v11.9\SynplifyPro\lib\proasic\smartfusion.v|io:i|time:1509027488|size:72817|exec:0|csum:792D908376FAE59463CBCC67F19D1698
file:..\..\hdl\LED_RG.v|io:i|time:1555957745|size:5876|exec:0|csum:FE80446D035AE052BCCFAC365A010756
file:..\..\hdl\delayWrapper.v|io:i|time:1555794818|size:3419|exec:0|csum:D09BB050F000128D22D99B350EA925DD
file:..\..\hdl\fire.v|io:i|time:1555794818|size:1762|exec:0|csum:E66AC9EA1FEB88E932153F9B3DF45C83
file:..\..\hdl\motor_left.v|io:i|time:1555794818|size:1781|exec:0|csum:5B4F143DB14EC55387727256246D2EEE
file:..\..\hdl\motor_right.v|io:i|time:1555794818|size:1787|exec:0|csum:A19751683789AAEC52DF18D88D25B149
file:..\..\component\Actel\SmartFusionMSS\MSS\2.5.200\mss_comps.v|io:i|time:1536348874|size:11243|exec:0|csum:4B6758C5462C041C248836E1EFEF19C5
file:..\..\component\work\ps2_MSS\mss_tshell.v|io:i|time:1555892273|size:12226|exec:0|csum:DA881861440C15C5A03F47B2D2F26523
file:..\..\component\work\ps2_MSS\MSS_CCC_0\ps2_MSS_tmp_MSS_CCC_0_MSS_CCC.v|io:i|time:1555892271|size:2880|exec:0|csum:3CBCCE8E41F7A90B702B68458C12857D
file:..\..\component\work\ps2_MSS\ps2_MSS.v|io:i|time:1555892274|size:28083|exec:0|csum:420AD0EBA2A35B0244C06D0F733F25A8
file:..\..\hdl\pwm_h.v|io:i|time:1555794818|size:1760|exec:0|csum:228AA0D3BF8382A8A48FA8A4C6F490F9
file:..\..\hdl\pwm_v.v|io:i|time:1555794818|size:1760|exec:0|csum:6E5EB39BC3EA1803D1382C00CC1F7497
file:..\..\hdl\timerWrapper.v|io:i|time:1555794818|size:4149|exec:0|csum:8582AC5F74F4147A61FDFCCCFDA2E01E
file:..\..\component\Actel\DirectCore\CoreAPB3\4.1.100\rtl\vlog\core\coreapb3_muxptob3.v|io:i|time:1537903184|size:5708|exec:0|csum:6165B065025445BBBC7DEE29B4A9E1E0
file:..\..\component\Actel\DirectCore\CoreAPB3\4.1.100\rtl\vlog\core\coreapb3_iaddr_reg.v|io:i|time:1537903184|size:4465|exec:0|csum:E47C839FAD450F7D23C0E62C1A2FB31A
file:..\..\component\Actel\DirectCore\CoreAPB3\4.1.100\rtl\vlog\core\coreapb3.v|io:i|time:1537903184|size:29701|exec:0|csum:687D408B4D83AC44F3FDB2BCEFFC6460
file:..\..\component\work\ps2\ps2.v|io:i|time:1555957759|size:23800|exec:0|csum:3290D594E577854E72D83DE0530350C7
file:..\..\..\..\..\..\..\Microsemi\Libero_SoC_v11.9\SynplifyPro\bin\c_hdl.exe|io:i|time:1509029716|size:1338368|exec:1|csum:4BE9471CC8F1F34D3F79DD6F3C07C7F5
file:..\..\..\..\..\..\..\Microsemi\Libero_SoC_v11.9\SynplifyPro\bin64\c_hdl.exe|io:i|time:1509029924|size:1754112|exec:1|csum:0724D6BF71D325162DC071CC1383571C
