Target Part: A2F200M3F_FBGA484_STD
Report for cell ps2.verilog
  Core Cell usage:
              cell count     area count*area
              AND2    31      1.0       31.0
             AND2A     4      1.0        4.0
              AND3    24      1.0       24.0
               AO1    63      1.0       63.0
              AO1A     3      1.0        3.0
              AO1B     1      1.0        1.0
              AO1C    41      1.0       41.0
              AOI1     1      1.0        1.0
             AOI1A     8      1.0        8.0
             AOI1B     2      1.0        2.0
               AX1     1      1.0        1.0
              AX1C    37      1.0       37.0
             AXOI5     1      1.0        1.0
            CLKINT     3      0.0        0.0
               GND    15      0.0        0.0
            MSSINT     2      0.0        0.0
           MSS_APB     1      0.0        0.0
           MSS_CCC     1      0.0        0.0
               MX2   383      1.0      383.0
              MX2A     4      1.0        4.0
              MX2C     2      1.0        2.0
              NOR2    33      1.0       33.0
             NOR2A    68      1.0       68.0
             NOR2B   459      1.0      459.0
              NOR3    32      1.0       32.0
             NOR3A    25      1.0       25.0
             NOR3B    20      1.0       20.0
             NOR3C    74      1.0       74.0
               OA1    21      1.0       21.0
              OA1A    30      1.0       30.0
              OA1C     8      1.0        8.0
              OAI1     3      1.0        3.0
               OR2    43      1.0       43.0
              OR2A    91      1.0       91.0
              OR2B    10      1.0       10.0
               OR3    22      1.0       22.0
              OR3A     1      1.0        1.0
              OR3B     3      1.0        3.0
              OR3C     4      1.0        4.0
             RCOSC     1      0.0        0.0
               VCC    15      0.0        0.0
               XA1    77      1.0       77.0
              XA1A     8      1.0        8.0
              XA1B    11      1.0       11.0
              XA1C    10      1.0       10.0
             XNOR2    66      1.0       66.0
               XO1    20      1.0       20.0
              XOR2   110      1.0      110.0


              DFN1   438      1.0      438.0
            DFN1E0    87      1.0       87.0
            DFN1E1     6      1.0        6.0
                   -----          ----------
             TOTAL  2424              2386.0


  IO Cell usage:
              cell count
         BIBUF_MSS     2
           INBUF_A     6
         INBUF_MSS     4
            OUTBUF     6
        OUTBUF_MSS     9
       TRIBUFF_MSS     1
                   -----
             TOTAL    28


Core Cells         : 2386 of 4608 (52%)
IO Cells           : 28

  RAM/ROM Usage Summary
Block Rams : 0 of 8 (0%)

