FlashPro
Version: 11.9.0.4
Release: v11.9

Software Version: 11.9.0.4
PDB file 'C:\Users\jimzhang\Documents\ps2try\ps2try\designer\impl1\ps2_fp\ps2.pdb' has been
loaded successfully.
DESIGN : ps2;  CHECKSUM : C2EC;  PDB_VERSION : 1.9
Driver : 3.0.0 build 1
programmer '79834' : FlashPro3
Warning: The programmer with id '79379' in the project file cannot be detected and connected.
Opened 'C:\Users\jimzhang\Documents\ps2try\ps2try\designer\impl1\ps2_fp\ps2.pro'
The 'open_project' command succeeded.
The 'set_programming_file' command succeeded.
The 'set_device_type' command succeeded.
The 'set_device_package' command succeeded.
Info: Adding Flash Memory data from file
      C:\Users\jimzhang\Documents\ps2try\ps2try\component\work\ps2_MSS\MSS_ENVM_0\MSS_ENVM_0.ef\
      c.
Info: Adding FPGA Array data from file
      C:\Users\jimzhang\Documents\ps2try\ps2try\designer\impl1\ps2.fdb.
PDB file 'C:\Users\jimzhang\Documents\ps2try\ps2try\designer\impl1\ps2_fp\ps2.pdb' has been
loaded successfully.
DESIGN : ps2;  CHECKSUM : C2EC;  PDB_VERSION : 1.9
The 'update_programming_file' command succeeded.
The 'set_programming_action' command succeeded.
programmer '79834' : Scan Chain...
Warning: programmer '79834' : Vpump has been selected on programmer AND an externally provided
         Vpump has also been detected. Using externally provided Vpump voltage source.
programmer '79834' : Scan Chain PASSED.
programmer '79834' : Executing action PROGRAM
programmer '79834' : EXPORT FSN[48] = 0114ab144c48
programmer '79834' : Erase ...
programmer '79834' : Completed erase
programmer '79834' : EXPORT CHECKSUM[16] = c2ec
programmer '79834' : Programming FPGA Array
programmer '79834' : Verifying FPGA Array
programmer '79834' :         Verifying FPGA Array -- pass
programmer '79834' : Program System Init and Boot Clients...
programmer '79834' : Verify System Init and Boot Clients...
programmer '79834' : Finished: Mon Apr 22 14:35:03 2019 (Elapsed time 00:00:35)
programmer '79834' : Executing action PROGRAM PASSED.

                        o - o - o - o - o - o

The 'run_selected_actions' command succeeded.
Project saved.
The 'save_project' command succeeded.
Project closed.
